# JRE version: OpenJDK Runtime Environment Temurin-21.0.7+6 (21.0.7+6) (build 21.0.7+6-LTS)
# Java VM: OpenJDK 64-Bit Server VM Temurin-21.0.7+6 (21.0.7+6-LTS, mixed mode, sharing, tiered, compressed oops, compressed class ptrs, parallel gc, windows-amd64)
GC Precious Log:
 CardTable entry size: 512
 CPUs: 4 total, 4 available
 Memory: 16228M
 Large Page Support: Disabled
 NUMA Support: Disabled
 Compressed Oops: Enabled (32-bit)
 Alignments: Space 512K, Generation 512K, Heap 2M
 Heap Min Capacity: 100M
 Heap Initial Capacity: 100M
 Heap Max Capacity: 1G
 Pre-touch: Disabled
 Parallel Workers: 4
Heap:
 PSYoungGen      total 4608K, used 3700K [0x00000000eab00000, 0x00000000eb280000, 0x0000000100000000)
  eden space 2560K, 80% used [0x00000000eab00000,0x00000000ead05178,0x00000000ead80000)
  from space 2048K, 79% used [0x00000000eb080000,0x00000000eb218000,0x00000000eb280000)
  to   space 2048K, 0% used [0x00000000eae80000,0x00000000eae80000,0x00000000eb080000)
 ParOldGen       total 460288K, used 459891K [0x00000000c0000000, 0x00000000dc180000, 0x00000000eab00000)
  object space 460288K, 99% used [0x00000000c0000000,0x00000000dc11cd48,0x00000000dc180000)
 Metaspace       used 74191K, committed 75840K, reserved 1179648K
  class space    used 7429K, committed 8192K, reserved 1048576K
GC Heap History (20 events):
Event: 59.554 GC heap before
{Heap before GC invocations=565 (full 3):
 PSYoungGen      total 2048K, used 1571K [0x00000000eab00000, 0x00000000eae80000, 0x0000000100000000)
  eden space 1024K, 100% used [0x00000000eab00000,0x00000000eac00000,0x00000000eac00000)
  from space 1024K, 53% used [0x00000000eac00000,0x00000000eac88fd0,0x00000000ead00000)
  to   space 1024K, 0% used [0x00000000ead80000,0x00000000ead80000,0x00000000eae80000)
 ParOldGen       total 447488K, used 447265K [0x00000000c0000000, 0x00000000db500000, 0x00000000eab00000)
  object space 447488K, 99% used [0x00000000c0000000,0x00000000db4c8578,0x00000000db500000)
 Metaspace       used 74072K, committed 75712K, reserved 1179648K
  class space    used 7426K, committed 8192K, reserved 1048576K
}
Event: 59.556 GC heap after
{Heap after GC invocations=565 (full 3):
 PSYoungGen      total 2048K, used 464K [0x00000000eab00000, 0x00000000eae00000, 0x0000000100000000)
  eden space 1536K, 0% used [0x00000000eab00000,0x00000000eab00000,0x00000000eac80000)
  from space 512K, 90% used [0x00000000ead80000,0x00000000eadf4000,0x00000000eae00000)
  to   space 512K, 0% used [0x00000000ead00000,0x00000000ead00000,0x00000000ead80000)
 ParOldGen       total 448000K, used 447763K [0x00000000c0000000, 0x00000000db580000, 0x00000000eab00000)
  object space 448000K, 99% used [0x00000000c0000000,0x00000000db544fb8,0x00000000db580000)
 Metaspace       used 74072K, committed 75712K, reserved 1179648K
  class space    used 7426K, committed 8192K, reserved 1048576K
}
Event: 59.577 GC heap before
{Heap before GC invocations=566 (full 3):
 PSYoungGen      total 2048K, used 2000K [0x00000000eab00000, 0x00000000eae00000, 0x0000000100000000)
  eden space 1536K, 100% used [0x00000000eab00000,0x00000000eac80000,0x00000000eac80000)
  from space 512K, 90% used [0x00000000ead80000,0x00000000eadf4000,0x00000000eae00000)
  to   space 512K, 0% used [0x00000000ead00000,0x00000000ead00000,0x00000000ead80000)
 ParOldGen       total 448000K, used 447763K [0x00000000c0000000, 0x00000000db580000, 0x00000000eab00000)
  object space 448000K, 99% used [0x00000000c0000000,0x00000000db544fb8,0x00000000db580000)
 Metaspace       used 74081K, committed 75712K, reserved 1179648K
  class space    used 7429K, committed 8192K, reserved 1048576K
}
Event: 59.585 GC heap after
{Heap after GC invocations=566 (full 3):
 PSYoungGen      total 2560K, used 483K [0x00000000eab00000, 0x00000000eb100000, 0x0000000100000000)
  eden space 2048K, 0% used [0x00000000eab00000,0x00000000eab00000,0x00000000ead00000)
  from space 512K, 94% used [0x00000000ead00000,0x00000000ead78ee8,0x00000000ead80000)
  to   space 2048K, 0% used [0x00000000eaf00000,0x00000000eaf00000,0x00000000eb100000)
 ParOldGen       total 449024K, used 448664K [0x00000000c0000000, 0x00000000db680000, 0x00000000eab00000)
  object space 449024K, 99% used [0x00000000c0000000,0x00000000db626068,0x00000000db680000)
 Metaspace       used 74081K, committed 75712K, reserved 1179648K
  class space    used 7429K, committed 8192K, reserved 1048576K
}
Event: 59.639 GC heap before
{Heap before GC invocations=567 (full 3):
 PSYoungGen      total 2560K, used 2531K [0x00000000eab00000, 0x00000000eb100000, 0x0000000100000000)
  eden space 2048K, 100% used [0x00000000eab00000,0x00000000ead00000,0x00000000ead00000)
  from space 512K, 94% used [0x00000000ead00000,0x00000000ead78ee8,0x00000000ead80000)
  to   space 2048K, 0% used [0x00000000eaf00000,0x00000000eaf00000,0x00000000eb100000)
 ParOldGen       total 449024K, used 448664K [0x00000000c0000000, 0x00000000db680000, 0x00000000eab00000)
  object space 449024K, 99% used [0x00000000c0000000,0x00000000db626068,0x00000000db680000)
 Metaspace       used 74082K, committed 75712K, reserved 1179648K
  class space    used 7429K, committed 8192K, reserved 1048576K
}
Event: 59.648 GC heap after
{Heap after GC invocations=567 (full 3):
 PSYoungGen      total 4096K, used 851K [0x00000000eab00000, 0x00000000eb080000, 0x0000000100000000)
  eden space 2560K, 0% used [0x00000000eab00000,0x00000000eab00000,0x00000000ead80000)
  from space 1536K, 55% used [0x00000000eaf00000,0x00000000eafd4fd0,0x00000000eb080000)
  to   space 1536K, 0% used [0x00000000ead80000,0x00000000ead80000,0x00000000eaf00000)
 ParOldGen       total 449536K, used 449151K [0x00000000c0000000, 0x00000000db700000, 0x00000000eab00000)
  object space 449536K, 99% used [0x00000000c0000000,0x00000000db69fee8,0x00000000db700000)
 Metaspace       used 74082K, committed 75712K, reserved 1179648K
  class space    used 7429K, committed 8192K, reserved 1048576K
}
Event: 59.729 GC heap before
{Heap before GC invocations=568 (full 3):
 PSYoungGen      total 4096K, used 3411K [0x00000000eab00000, 0x00000000eb080000, 0x0000000100000000)
  eden space 2560K, 100% used [0x00000000eab00000,0x00000000ead80000,0x00000000ead80000)
  from space 1536K, 55% used [0x00000000eaf00000,0x00000000eafd4fd0,0x00000000eb080000)
  to   space 1536K, 0% used [0x00000000ead80000,0x00000000ead80000,0x00000000eaf00000)
 ParOldGen       total 449536K, used 449151K [0x00000000c0000000, 0x00000000db700000, 0x00000000eab00000)
  object space 449536K, 99% used [0x00000000c0000000,0x00000000db69fee8,0x00000000db700000)
 Metaspace       used 74087K, committed 75712K, reserved 1179648K
  class space    used 7429K, committed 8192K, reserved 1048576K
}
Event: 59.738 GC heap after
{Heap after GC invocations=568 (full 3):
 PSYoungGen      total 4096K, used 1523K [0x00000000eab00000, 0x00000000eb380000, 0x0000000100000000)
  eden space 2560K, 0% used [0x00000000eab00000,0x00000000eab00000,0x00000000ead80000)
  from space 1536K, 99% used [0x00000000ead80000,0x00000000eaefcfd0,0x00000000eaf00000)
  to   space 3072K, 0% used [0x00000000eb080000,0x00000000eb080000,0x00000000eb380000)
 ParOldGen       total 450560K, used 450059K [0x00000000c0000000, 0x00000000db800000, 0x00000000eab00000)
  object space 450560K, 99% used [0x00000000c0000000,0x00000000db782d68,0x00000000db800000)
 Metaspace       used 74087K, committed 75712K, reserved 1179648K
  class space    used 7429K, committed 8192K, reserved 1048576K
}
Event: 59.802 GC heap before
{Heap before GC invocations=569 (full 3):
 PSYoungGen      total 4096K, used 4083K [0x00000000eab00000, 0x00000000eb380000, 0x0000000100000000)
  eden space 2560K, 100% used [0x00000000eab00000,0x00000000ead80000,0x00000000ead80000)
  from space 1536K, 99% used [0x00000000ead80000,0x00000000eaefcfd0,0x00000000eaf00000)
  to   space 3072K, 0% used [0x00000000eb080000,0x00000000eb080000,0x00000000eb380000)
 ParOldGen       total 450560K, used 450059K [0x00000000c0000000, 0x00000000db800000, 0x00000000eab00000)
  object space 450560K, 99% used [0x00000000c0000000,0x00000000db782d68,0x00000000db800000)
 Metaspace       used 74100K, committed 75712K, reserved 1179648K
  class space    used 7429K, committed 8192K, reserved 1048576K
}
Event: 59.811 GC heap after
{Heap after GC invocations=569 (full 3):
 PSYoungGen      total 4096K, used 1299K [0x00000000eab00000, 0x00000000eb200000, 0x0000000100000000)
  eden space 2560K, 0% used [0x00000000eab00000,0x00000000eab00000,0x00000000ead80000)
  from space 1536K, 84% used [0x00000000eb080000,0x00000000eb1c4fd0,0x00000000eb200000)
  to   space 2048K, 0% used [0x00000000eae00000,0x00000000eae00000,0x00000000eb000000)
 ParOldGen       total 452096K, used 451587K [0x00000000c0000000, 0x00000000db980000, 0x00000000eab00000)
  object space 452096K, 99% used [0x00000000c0000000,0x00000000db900f50,0x00000000db980000)
 Metaspace       used 74100K, committed 75712K, reserved 1179648K
  class space    used 7429K, committed 8192K, reserved 1048576K
}
Event: 59.895 GC heap before
{Heap before GC invocations=570 (full 3):
 PSYoungGen      total 4096K, used 3859K [0x00000000eab00000, 0x00000000eb200000, 0x0000000100000000)
  eden space 2560K, 100% used [0x00000000eab00000,0x00000000ead80000,0x00000000ead80000)
  from space 1536K, 84% used [0x00000000eb080000,0x00000000eb1c4fd0,0x00000000eb200000)
  to   space 2048K, 0% used [0x00000000eae00000,0x00000000eae00000,0x00000000eb000000)
 ParOldGen       total 452096K, used 451587K [0x00000000c0000000, 0x00000000db980000, 0x00000000eab00000)
  object space 452096K, 99% used [0x00000000c0000000,0x00000000db900f50,0x00000000db980000)
 Metaspace       used 74103K, committed 75712K, reserved 1179648K
  class space    used 7429K, committed 8192K, reserved 1048576K
}
Event: 59.905 GC heap after
{Heap after GC invocations=570 (full 3):
 PSYoungGen      total 4608K, used 1639K [0x00000000eab00000, 0x00000000eb180000, 0x0000000100000000)
  eden space 2560K, 0% used [0x00000000eab00000,0x00000000eab00000,0x00000000ead80000)
  from space 2048K, 80% used [0x00000000eae00000,0x00000000eaf99fa0,0x00000000eb000000)
  to   space 1536K, 0% used [0x00000000eb000000,0x00000000eb000000,0x00000000eb180000)
 ParOldGen       total 453120K, used 452862K [0x00000000c0000000, 0x00000000dba80000, 0x00000000eab00000)
  object space 453120K, 99% used [0x00000000c0000000,0x00000000dba3fbd0,0x00000000dba80000)
 Metaspace       used 74103K, committed 75712K, reserved 1179648K
  class space    used 7429K, committed 8192K, reserved 1048576K
}
Event: 59.986 GC heap before
{Heap before GC invocations=571 (full 3):
 PSYoungGen      total 4608K, used 4199K [0x00000000eab00000, 0x00000000eb180000, 0x0000000100000000)
  eden space 2560K, 100% used [0x00000000eab00000,0x00000000ead80000,0x00000000ead80000)
  from space 2048K, 80% used [0x00000000eae00000,0x00000000eaf99fa0,0x00000000eb000000)
  to   space 1536K, 0% used [0x00000000eb000000,0x00000000eb000000,0x00000000eb180000)
 ParOldGen       total 453120K, used 452862K [0x00000000c0000000, 0x00000000dba80000, 0x00000000eab00000)
  object space 453120K, 99% used [0x00000000c0000000,0x00000000dba3fbd0,0x00000000dba80000)
 Metaspace       used 74110K, committed 75776K, reserved 1179648K
  class space    used 7429K, committed 8192K, reserved 1048576K
}
Event: 59.995 GC heap after
{Heap after GC invocations=571 (full 3):
 PSYoungGen      total 3584K, used 883K [0x00000000eab00000, 0x00000000eb100000, 0x0000000100000000)
  eden space 2560K, 0% used [0x00000000eab00000,0x00000000eab00000,0x00000000ead80000)
  from space 1024K, 86% used [0x00000000eb000000,0x00000000eb0dcfd0,0x00000000eb100000)
  to   space 1536K, 0% used [0x00000000eae00000,0x00000000eae00000,0x00000000eaf80000)
 ParOldGen       total 454656K, used 454463K [0x00000000c0000000, 0x00000000dbc00000, 0x00000000eab00000)
  object space 454656K, 99% used [0x00000000c0000000,0x00000000dbbcff88,0x00000000dbc00000)
 Metaspace       used 74110K, committed 75776K, reserved 1179648K
  class space    used 7429K, committed 8192K, reserved 1048576K
}
Event: 60.098 GC heap before
{Heap before GC invocations=572 (full 3):
 PSYoungGen      total 3584K, used 3443K [0x00000000eab00000, 0x00000000eb100000, 0x0000000100000000)
  eden space 2560K, 100% used [0x00000000eab00000,0x00000000ead80000,0x00000000ead80000)
  from space 1024K, 86% used [0x00000000eb000000,0x00000000eb0dcfd0,0x00000000eb100000)
  to   space 1536K, 0% used [0x00000000eae00000,0x00000000eae00000,0x00000000eaf80000)
 ParOldGen       total 454656K, used 454463K [0x00000000c0000000, 0x00000000dbc00000, 0x00000000eab00000)
  object space 454656K, 99% used [0x00000000c0000000,0x00000000dbbcff88,0x00000000dbc00000)
 Metaspace       used 74127K, committed 75776K, reserved 1179648K
  class space    used 7429K, committed 8192K, reserved 1048576K
}
Event: 60.107 GC heap after
{Heap after GC invocations=572 (full 3):
 PSYoungGen      total 4096K, used 1223K [0x00000000eab00000, 0x00000000eb080000, 0x0000000100000000)
  eden space 2560K, 0% used [0x00000000eab00000,0x00000000eab00000,0x00000000ead80000)
  from space 1536K, 79% used [0x00000000eae00000,0x00000000eaf31d80,0x00000000eaf80000)
  to   space 1024K, 0% used [0x00000000eaf80000,0x00000000eaf80000,0x00000000eb080000)
 ParOldGen       total 455680K, used 455273K [0x00000000c0000000, 0x00000000dbd00000, 0x00000000eab00000)
  object space 455680K, 99% used [0x00000000c0000000,0x00000000dbc9a6c8,0x00000000dbd00000)
 Metaspace       used 74127K, committed 75776K, reserved 1179648K
  class space    used 7429K, committed 8192K, reserved 1048576K
}
Event: 60.187 GC heap before
{Heap before GC invocations=573 (full 3):
 PSYoungGen      total 4096K, used 3688K [0x00000000eab00000, 0x00000000eb080000, 0x0000000100000000)
  eden space 2560K, 96% used [0x00000000eab00000,0x00000000ead68648,0x00000000ead80000)
  from space 1536K, 79% used [0x00000000eae00000,0x00000000eaf31d80,0x00000000eaf80000)
  to   space 1024K, 0% used [0x00000000eaf80000,0x00000000eaf80000,0x00000000eb080000)
 ParOldGen       total 455680K, used 455273K [0x00000000c0000000, 0x00000000dbd00000, 0x00000000eab00000)
  object space 455680K, 99% used [0x00000000c0000000,0x00000000dbc9a6c8,0x00000000dbd00000)
 Metaspace       used 74169K, committed 75840K, reserved 1179648K
  class space    used 7429K, committed 8192K, reserved 1048576K
}
Event: 60.195 GC heap after
{Heap after GC invocations=573 (full 3):
 PSYoungGen      total 3584K, used 911K [0x00000000eab00000, 0x00000000eb080000, 0x0000000100000000)
  eden space 2560K, 0% used [0x00000000eab00000,0x00000000eab00000,0x00000000ead80000)
  from space 1024K, 89% used [0x00000000eaf80000,0x00000000eb063f40,0x00000000eb080000)
  to   space 1536K, 0% used [0x00000000ead80000,0x00000000ead80000,0x00000000eaf00000)
 ParOldGen       total 457216K, used 457213K [0x00000000c0000000, 0x00000000dbe80000, 0x00000000eab00000)
  object space 457216K, 99% used [0x00000000c0000000,0x00000000dbe7f478,0x00000000dbe80000)
 Metaspace       used 74169K, committed 75840K, reserved 1179648K
  class space    used 7429K, committed 8192K, reserved 1048576K
}
Event: 60.299 GC heap before
{Heap before GC invocations=574 (full 3):
 PSYoungGen      total 3584K, used 3471K [0x00000000eab00000, 0x00000000eb080000, 0x0000000100000000)
  eden space 2560K, 100% used [0x00000000eab00000,0x00000000ead80000,0x00000000ead80000)
  from space 1024K, 89% used [0x00000000eaf80000,0x00000000eb063f40,0x00000000eb080000)
  to   space 1536K, 0% used [0x00000000ead80000,0x00000000ead80000,0x00000000eaf00000)
 ParOldGen       total 457216K, used 457213K [0x00000000c0000000, 0x00000000dbe80000, 0x00000000eab00000)
  object space 457216K, 99% used [0x00000000c0000000,0x00000000dbe7f478,0x00000000dbe80000)
 Metaspace       used 74188K, committed 75840K, reserved 1179648K
  class space    used 7429K, committed 8192K, reserved 1048576K
}
Event: 60.316 GC heap after
{Heap after GC invocations=574 (full 3):
 PSYoungGen      total 4096K, used 1524K [0x00000000eab00000, 0x00000000eb380000, 0x0000000100000000)
  eden space 2560K, 0% used [0x00000000eab00000,0x00000000eab00000,0x00000000ead80000)
  from space 1536K, 99% used [0x00000000ead80000,0x00000000eaefd000,0x00000000eaf00000)
  to   space 3072K, 0% used [0x00000000eb080000,0x00000000eb080000,0x00000000eb380000)
 ParOldGen       total 458752K, used 458407K [0x00000000c0000000, 0x00000000dc000000, 0x00000000eab00000)
  object space 458752K, 99% used [0x00000000c0000000,0x00000000dbfa9e60,0x00000000dc000000)
 Metaspace       used 74188K, committed 75840K, reserved 1179648K
  class space    used 7429K, committed 8192K, reserved 1048576K
}

